# JRE version: OpenJDK Runtime Environment Temurin-21.0.6+7 (21.0.6+7) (build 21.0.6+7-LTS)
# Java VM: OpenJDK 64-Bit Server VM Temurin-21.0.6+7 (21.0.6+7-LTS, mixed mode, sharing, tiered, compressed oops, compressed class ptrs, parallel gc, windows-amd64)
GC Precious Log:
 CardTable entry size: 512
 CPUs: 8 total, 8 available
 Memory: 16149M
 Large Page Support: Disabled
 NUMA Support: Disabled
 Compressed Oops: Enabled (32-bit)
 Alignments: Space 512K, Generation 512K, Heap 2M
 Heap Min Capacity: 100M
 Heap Initial Capacity: 100M
 Heap Max Capacity: 1G
 Pre-touch: Disabled
 Parallel Workers: 8
Heap:
 PSYoungGen      total 21504K, used 8860K [0x00000000eab00000, 0x00000000ec300000, 0x0000000100000000)
  eden space 20480K, 38% used [0x00000000eab00000,0x00000000eb2c7158,0x00000000ebf00000)
  from space 1024K, 87% used [0x00000000ec200000,0x00000000ec2e0000,0x00000000ec300000)
  to   space 2048K, 0% used [0x00000000ebf00000,0x00000000ebf00000,0x00000000ec100000)
 ParOldGen       total 68608K, used 27309K [0x00000000c0000000, 0x00000000c4300000, 0x00000000eab00000)
  object space 68608K, 39% used [0x00000000c0000000,0x00000000c1aab710,0x00000000c4300000)
 Metaspace       used 50091K, committed 51264K, reserved 1114112K
  class space    used 5388K, committed 5888K, reserved 1048576K
GC Heap History (20 events):
Event: 21.400 GC heap before
{Heap before GC invocations=13 (full 1):
 PSYoungGen      total 24064K, used 23690K [0x00000000eab00000, 0x00000000ec800000, 0x0000000100000000)
  eden space 22528K, 100% used [0x00000000eab00000,0x00000000ec100000,0x00000000ec100000)
  from space 1536K, 75% used [0x00000000ec400000,0x00000000ec5228e0,0x00000000ec580000)
  to   space 2048K, 0% used [0x00000000ec600000,0x00000000ec600000,0x00000000ec800000)
 ParOldGen       total 68608K, used 15754K [0x00000000c0000000, 0x00000000c4300000, 0x00000000eab00000)
  object space 68608K, 22% used [0x00000000c0000000,0x00000000c0f62b50,0x00000000c4300000)
 Metaspace       used 33991K, committed 35008K, reserved 1114112K
  class space    used 3434K, committed 3840K, reserved 1048576K
}
Event: 21.405 GC heap after
{Heap after GC invocations=13 (full 1):
 PSYoungGen      total 23040K, used 992K [0x00000000eab00000, 0x00000000ec700000, 0x0000000100000000)
  eden space 22016K, 0% used [0x00000000eab00000,0x00000000eab00000,0x00000000ec080000)
  from space 1024K, 96% used [0x00000000ec600000,0x00000000ec6f8000,0x00000000ec700000)
  to   space 1536K, 0% used [0x00000000ec400000,0x00000000ec400000,0x00000000ec580000)
 ParOldGen       total 68608K, used 16739K [0x00000000c0000000, 0x00000000c4300000, 0x00000000eab00000)
  object space 68608K, 24% used [0x00000000c0000000,0x00000000c1058e20,0x00000000c4300000)
 Metaspace       used 33991K, committed 35008K, reserved 1114112K
  class space    used 3434K, committed 3840K, reserved 1048576K
}
Event: 21.795 GC heap before
{Heap before GC invocations=14 (full 1):
 PSYoungGen      total 23040K, used 9469K [0x00000000eab00000, 0x00000000ec700000, 0x0000000100000000)
  eden space 22016K, 38% used [0x00000000eab00000,0x00000000eb3476a8,0x00000000ec080000)
  from space 1024K, 96% used [0x00000000ec600000,0x00000000ec6f8000,0x00000000ec700000)
  to   space 1536K, 0% used [0x00000000ec400000,0x00000000ec400000,0x00000000ec580000)
 ParOldGen       total 68608K, used 16739K [0x00000000c0000000, 0x00000000c4300000, 0x00000000eab00000)
  object space 68608K, 24% used [0x00000000c0000000,0x00000000c1058e20,0x00000000c4300000)
 Metaspace       used 34889K, committed 35904K, reserved 1114112K
  class space    used 3548K, committed 3968K, reserved 1048576K
}
Event: 21.798 GC heap after
{Heap after GC invocations=14 (full 1):
 PSYoungGen      total 23552K, used 1030K [0x00000000eab00000, 0x00000000ec680000, 0x0000000100000000)
  eden space 22016K, 0% used [0x00000000eab00000,0x00000000eab00000,0x00000000ec080000)
  from space 1536K, 67% used [0x00000000ec400000,0x00000000ec501860,0x00000000ec580000)
  to   space 1024K, 0% used [0x00000000ec580000,0x00000000ec580000,0x00000000ec680000)
 ParOldGen       total 68608K, used 17535K [0x00000000c0000000, 0x00000000c4300000, 0x00000000eab00000)
  object space 68608K, 25% used [0x00000000c0000000,0x00000000c111fe60,0x00000000c4300000)
 Metaspace       used 34889K, committed 35904K, reserved 1114112K
  class space    used 3548K, committed 3968K, reserved 1048576K
}
Event: 21.885 GC heap before
{Heap before GC invocations=15 (full 1):
 PSYoungGen      total 23552K, used 4219K [0x00000000eab00000, 0x00000000ec680000, 0x0000000100000000)
  eden space 22016K, 14% used [0x00000000eab00000,0x00000000eae1d510,0x00000000ec080000)
  from space 1536K, 67% used [0x00000000ec400000,0x00000000ec501860,0x00000000ec580000)
  to   space 1024K, 0% used [0x00000000ec580000,0x00000000ec580000,0x00000000ec680000)
 ParOldGen       total 68608K, used 17535K [0x00000000c0000000, 0x00000000c4300000, 0x00000000eab00000)
  object space 68608K, 25% used [0x00000000c0000000,0x00000000c111fe60,0x00000000c4300000)
 Metaspace       used 35228K, committed 36160K, reserved 1114112K
  class space    used 3599K, committed 3968K, reserved 1048576K
}
Event: 21.887 GC heap after
{Heap after GC invocations=15 (full 1):
 PSYoungGen      total 22528K, used 442K [0x00000000eab00000, 0x00000000ec600000, 0x0000000100000000)
  eden space 22016K, 0% used [0x00000000eab00000,0x00000000eab00000,0x00000000ec080000)
  from space 512K, 86% used [0x00000000ec580000,0x00000000ec5ee910,0x00000000ec600000)
  to   space 1024K, 0% used [0x00000000ec400000,0x00000000ec400000,0x00000000ec500000)
 ParOldGen       total 68608K, used 18430K [0x00000000c0000000, 0x00000000c4300000, 0x00000000eab00000)
  object space 68608K, 26% used [0x00000000c0000000,0x00000000c11ffb60,0x00000000c4300000)
 Metaspace       used 35228K, committed 36160K, reserved 1114112K
  class space    used 3599K, committed 3968K, reserved 1048576K
}
Event: 21.887 GC heap before
{Heap before GC invocations=16 (full 2):
 PSYoungGen      total 22528K, used 442K [0x00000000eab00000, 0x00000000ec600000, 0x0000000100000000)
  eden space 22016K, 0% used [0x00000000eab00000,0x00000000eab00000,0x00000000ec080000)
  from space 512K, 86% used [0x00000000ec580000,0x00000000ec5ee910,0x00000000ec600000)
  to   space 1024K, 0% used [0x00000000ec400000,0x00000000ec400000,0x00000000ec500000)
 ParOldGen       total 68608K, used 18430K [0x00000000c0000000, 0x00000000c4300000, 0x00000000eab00000)
  object space 68608K, 26% used [0x00000000c0000000,0x00000000c11ffb60,0x00000000c4300000)
 Metaspace       used 35228K, committed 36160K, reserved 1114112K
  class space    used 3599K, committed 3968K, reserved 1048576K
}
Event: 21.957 GC heap after
{Heap after GC invocations=16 (full 2):
 PSYoungGen      total 22528K, used 0K [0x00000000eab00000, 0x00000000ec600000, 0x0000000100000000)
  eden space 22016K, 0% used [0x00000000eab00000,0x00000000eab00000,0x00000000ec080000)
  from space 512K, 0% used [0x00000000ec580000,0x00000000ec580000,0x00000000ec600000)
  to   space 1024K, 0% used [0x00000000ec400000,0x00000000ec400000,0x00000000ec500000)
 ParOldGen       total 68608K, used 17962K [0x00000000c0000000, 0x00000000c4300000, 0x00000000eab00000)
  object space 68608K, 26% used [0x00000000c0000000,0x00000000c118abf8,0x00000000c4300000)
 Metaspace       used 35226K, committed 36160K, reserved 1114112K
  class space    used 3599K, committed 3968K, reserved 1048576K
}
Event: 23.154 GC heap before
{Heap before GC invocations=17 (full 2):
 PSYoungGen      total 22528K, used 22015K [0x00000000eab00000, 0x00000000ec600000, 0x0000000100000000)
  eden space 22016K, 99% used [0x00000000eab00000,0x00000000ec07ffd8,0x00000000ec080000)
  from space 512K, 0% used [0x00000000ec580000,0x00000000ec580000,0x00000000ec600000)
  to   space 1024K, 0% used [0x00000000ec400000,0x00000000ec400000,0x00000000ec500000)
 ParOldGen       total 68608K, used 17962K [0x00000000c0000000, 0x00000000c4300000, 0x00000000eab00000)
  object space 68608K, 26% used [0x00000000c0000000,0x00000000c118abf8,0x00000000c4300000)
 Metaspace       used 38219K, committed 39296K, reserved 1114112K
  class space    used 3957K, committed 4416K, reserved 1048576K
}
Event: 23.158 GC heap after
{Heap after GC invocations=17 (full 2):
 PSYoungGen      total 23040K, used 1024K [0x00000000eab00000, 0x00000000ec600000, 0x0000000100000000)
  eden space 22016K, 0% used [0x00000000eab00000,0x00000000eab00000,0x00000000ec080000)
  from space 1024K, 100% used [0x00000000ec400000,0x00000000ec500000,0x00000000ec500000)
  to   space 1024K, 0% used [0x00000000ec500000,0x00000000ec500000,0x00000000ec600000)
 ParOldGen       total 68608K, used 18155K [0x00000000c0000000, 0x00000000c4300000, 0x00000000eab00000)
  object space 68608K, 26% used [0x00000000c0000000,0x00000000c11bac48,0x00000000c4300000)
 Metaspace       used 38219K, committed 39296K, reserved 1114112K
  class space    used 3957K, committed 4416K, reserved 1048576K
}
Event: 24.870 GC heap before
{Heap before GC invocations=18 (full 2):
 PSYoungGen      total 23040K, used 23040K [0x00000000eab00000, 0x00000000ec600000, 0x0000000100000000)
  eden space 22016K, 100% used [0x00000000eab00000,0x00000000ec080000,0x00000000ec080000)
  from space 1024K, 100% used [0x00000000ec400000,0x00000000ec500000,0x00000000ec500000)
  to   space 1024K, 0% used [0x00000000ec500000,0x00000000ec500000,0x00000000ec600000)
 ParOldGen       total 68608K, used 18155K [0x00000000c0000000, 0x00000000c4300000, 0x00000000eab00000)
  object space 68608K, 26% used [0x00000000c0000000,0x00000000c11bac48,0x00000000c4300000)
 Metaspace       used 40649K, committed 41792K, reserved 1114112K
  class space    used 4236K, committed 4672K, reserved 1048576K
}
Event: 24.876 GC heap after
{Heap after GC invocations=18 (full 2):
 PSYoungGen      total 21504K, used 993K [0x00000000eab00000, 0x00000000ecc80000, 0x0000000100000000)
  eden space 20480K, 0% used [0x00000000eab00000,0x00000000eab00000,0x00000000ebf00000)
  from space 1024K, 97% used [0x00000000ec500000,0x00000000ec5f8540,0x00000000ec600000)
  to   space 6144K, 0% used [0x00000000ebf00000,0x00000000ebf00000,0x00000000ec500000)
 ParOldGen       total 68608K, used 22210K [0x00000000c0000000, 0x00000000c4300000, 0x00000000eab00000)
  object space 68608K, 32% used [0x00000000c0000000,0x00000000c15b0988,0x00000000c4300000)
 Metaspace       used 40649K, committed 41792K, reserved 1114112K
  class space    used 4236K, committed 4672K, reserved 1048576K
}
Event: 25.731 GC heap before
{Heap before GC invocations=19 (full 2):
 PSYoungGen      total 21504K, used 21473K [0x00000000eab00000, 0x00000000ecc80000, 0x0000000100000000)
  eden space 20480K, 100% used [0x00000000eab00000,0x00000000ebf00000,0x00000000ebf00000)
  from space 1024K, 97% used [0x00000000ec500000,0x00000000ec5f8540,0x00000000ec600000)
  to   space 6144K, 0% used [0x00000000ebf00000,0x00000000ebf00000,0x00000000ec500000)
 ParOldGen       total 68608K, used 22210K [0x00000000c0000000, 0x00000000c4300000, 0x00000000eab00000)
  object space 68608K, 32% used [0x00000000c0000000,0x00000000c15b0988,0x00000000c4300000)
 Metaspace       used 43742K, committed 44928K, reserved 1114112K
  class space    used 4622K, committed 5120K, reserved 1048576K
}
Event: 25.736 GC heap after
{Heap after GC invocations=19 (full 2):
 PSYoungGen      total 22016K, used 1518K [0x00000000eab00000, 0x00000000ec580000, 0x0000000100000000)
  eden space 20480K, 0% used [0x00000000eab00000,0x00000000eab00000,0x00000000ebf00000)
  from space 1536K, 98% used [0x00000000ebf00000,0x00000000ec07ba40,0x00000000ec080000)
  to   space 3072K, 0% used [0x00000000ec280000,0x00000000ec280000,0x00000000ec580000)
 ParOldGen       total 68608K, used 23378K [0x00000000c0000000, 0x00000000c4300000, 0x00000000eab00000)
  object space 68608K, 34% used [0x00000000c0000000,0x00000000c16d4958,0x00000000c4300000)
 Metaspace       used 43742K, committed 44928K, reserved 1114112K
  class space    used 4622K, committed 5120K, reserved 1048576K
}
Event: 26.363 GC heap before
{Heap before GC invocations=20 (full 2):
 PSYoungGen      total 22016K, used 21998K [0x00000000eab00000, 0x00000000ec580000, 0x0000000100000000)
  eden space 20480K, 100% used [0x00000000eab00000,0x00000000ebf00000,0x00000000ebf00000)
  from space 1536K, 98% used [0x00000000ebf00000,0x00000000ec07ba40,0x00000000ec080000)
  to   space 3072K, 0% used [0x00000000ec280000,0x00000000ec280000,0x00000000ec580000)
 ParOldGen       total 68608K, used 23378K [0x00000000c0000000, 0x00000000c4300000, 0x00000000eab00000)
  object space 68608K, 34% used [0x00000000c0000000,0x00000000c16d4958,0x00000000c4300000)
 Metaspace       used 46120K, committed 47232K, reserved 1114112K
  class space    used 4934K, committed 5376K, reserved 1048576K
}
Event: 26.369 GC heap after
{Heap after GC invocations=20 (full 2):
 PSYoungGen      total 22016K, used 1152K [0x00000000eab00000, 0x00000000ec400000, 0x0000000100000000)
  eden space 20480K, 0% used [0x00000000eab00000,0x00000000eab00000,0x00000000ebf00000)
  from space 1536K, 75% used [0x00000000ec280000,0x00000000ec3a0000,0x00000000ec400000)
  to   space 1536K, 0% used [0x00000000ebf00000,0x00000000ebf00000,0x00000000ec080000)
 ParOldGen       total 68608K, used 24761K [0x00000000c0000000, 0x00000000c4300000, 0x00000000eab00000)
  object space 68608K, 36% used [0x00000000c0000000,0x00000000c182e4e0,0x00000000c4300000)
 Metaspace       used 46120K, committed 47232K, reserved 1114112K
  class space    used 4934K, committed 5376K, reserved 1048576K
}
Event: 27.727 GC heap before
{Heap before GC invocations=21 (full 2):
 PSYoungGen      total 22016K, used 21632K [0x00000000eab00000, 0x00000000ec400000, 0x0000000100000000)
  eden space 20480K, 100% used [0x00000000eab00000,0x00000000ebf00000,0x00000000ebf00000)
  from space 1536K, 75% used [0x00000000ec280000,0x00000000ec3a0000,0x00000000ec400000)
  to   space 1536K, 0% used [0x00000000ebf00000,0x00000000ebf00000,0x00000000ec080000)
 ParOldGen       total 68608K, used 24761K [0x00000000c0000000, 0x00000000c4300000, 0x00000000eab00000)
  object space 68608K, 36% used [0x00000000c0000000,0x00000000c182e4e0,0x00000000c4300000)
 Metaspace       used 48669K, committed 49792K, reserved 1114112K
  class space    used 5241K, committed 5696K, reserved 1048576K
}
Event: 27.734 GC heap after
{Heap after GC invocations=21 (full 2):
 PSYoungGen      total 22016K, used 1529K [0x00000000eab00000, 0x00000000ec500000, 0x0000000100000000)
  eden space 20480K, 0% used [0x00000000eab00000,0x00000000eab00000,0x00000000ebf00000)
  from space 1536K, 99% used [0x00000000ebf00000,0x00000000ec07e580,0x00000000ec080000)
  to   space 3072K, 0% used [0x00000000ec200000,0x00000000ec200000,0x00000000ec500000)
 ParOldGen       total 68608K, used 25913K [0x00000000c0000000, 0x00000000c4300000, 0x00000000eab00000)
  object space 68608K, 37% used [0x00000000c0000000,0x00000000c194e4e0,0x00000000c4300000)
 Metaspace       used 48669K, committed 49792K, reserved 1114112K
  class space    used 5241K, committed 5696K, reserved 1048576K
}
Event: 30.995 GC heap before
{Heap before GC invocations=22 (full 2):
 PSYoungGen      total 22016K, used 22003K [0x00000000eab00000, 0x00000000ec500000, 0x0000000100000000)
  eden space 20480K, 99% used [0x00000000eab00000,0x00000000ebefe6b8,0x00000000ebf00000)
  from space 1536K, 99% used [0x00000000ebf00000,0x00000000ec07e580,0x00000000ec080000)
  to   space 3072K, 0% used [0x00000000ec200000,0x00000000ec200000,0x00000000ec500000)
 ParOldGen       total 68608K, used 25913K [0x00000000c0000000, 0x00000000c4300000, 0x00000000eab00000)
  object space 68608K, 37% used [0x00000000c0000000,0x00000000c194e4e0,0x00000000c4300000)
 Metaspace       used 49921K, committed 51072K, reserved 1114112K
  class space    used 5372K, committed 5888K, reserved 1048576K
}
Event: 31.001 GC heap after
{Heap after GC invocations=22 (full 2):
 PSYoungGen      total 21504K, used 896K [0x00000000eab00000, 0x00000000ec300000, 0x0000000100000000)
  eden space 20480K, 0% used [0x00000000eab00000,0x00000000eab00000,0x00000000ebf00000)
  from space 1024K, 87% used [0x00000000ec200000,0x00000000ec2e0000,0x00000000ec300000)
  to   space 2048K, 0% used [0x00000000ebf00000,0x00000000ebf00000,0x00000000ec100000)
 ParOldGen       total 68608K, used 27309K [0x00000000c0000000, 0x00000000c4300000, 0x00000000eab00000)
  object space 68608K, 39% used [0x00000000c0000000,0x00000000c1aab710,0x00000000c4300000)
 Metaspace       used 49921K, committed 51072K, reserved 1114112K
  class space    used 5372K, committed 5888K, reserved 1048576K
}

